<?xml version="1.0" encoding="UTF-8"?>
<!-- Generated by org.testng.reporters.JUnitReportReporter -->
<testsuite hostname="shrabonis-MacBook-Pro.local" failures="0" tests="4" name="com.qa.easyjobs.tests.LoginPageTest" time="0.955" errors="0" timestamp="2023-12-26T00:54:26 BDT" skipped="0">
  <testcase classname="com.qa.easyjobs.tests.LoginPageTest" name="loginPageTitleTest" time="0.010"/>
  <testcase classname="com.qa.easyjobs.tests.LoginPageTest" name="loginPageURL" time="0.001"/>
  <testcase classname="com.qa.easyjobs.tests.LoginPageTest" name="forgotPwdLinkExistTest" time="0.015"/>
  <testcase classname="com.qa.easyjobs.tests.LoginPageTest" name="doLoginTest" time="0.929"/>
</testsuite> <!-- com.qa.easyjobs.tests.LoginPageTest -->
